<?xml version="1.0" encoding="UTF-8"?>
<testsuite name="VoitureTest" tests="5" skipped="0" failures="0" errors="0" timestamp="2024-06-06T14:52:59" hostname="DESKTOP-SIT2VQK" time="0.023">
  <properties/>
  <testcase name="testSetPrix_ShouldSetPrice()" classname="VoitureTest" time="0.012"/>
  <testcase name="testToString_ShouldReturnToStringOfInstantiatedCar()" classname="VoitureTest" time="0.006"/>
  <testcase name="testSetMarque_ShouldChangeMarqueOfInstantiatedCar()" classname="VoitureTest" time="0.0"/>
  <testcase name="testGetPrix_ShouldReturnCorrectPrice()" classname="VoitureTest" time="0.001"/>
  <testcase name="testGetMarque_ShouldReturnSameMarqueOfInstantiatedCar()" classname="VoitureTest" time="0.0"/>
  <system-out><![CDATA[]]></system-out>
  <system-err><![CDATA[]]></system-err>
</testsuite>
